# vsim work.tb -l tb_101_non_overlap.log 
# Start time: 19:50:16 on Sep 04,2025
# Loading work.tb
# Loading work.find_101_non_overlap
# 0011010100100100  1
# 0101111010000001  2
# 1101011000001001  1
# 0101011001100011  1
# 0111101100001101  2
# 1001100110001101  1
# 1000010001100101  1
# 0101001000010010  1
# 1110001100000001  0
# 1100110100001101  2
# 1111000101110110  2
# 1100110100111101  2
# 0101011111101101  3
# 1111011110001100  1
# 1110100111111001  1
# 0010010011000110  0
# 1000010011000101  1
# 1101001010101010  3
# 1111011111100101  2
# 0111001001110111  1
# 1101011000010010  1
# 1101101110001111  2
# 0110100111110010  1
# 1001011011001110  2
# 0111101011101000  2
# 0100111011000101  2
# 0100100101011100  1
# 0010100010111101  3
# 0101100000101101  3
# 0010011001100101  1
# 0110001001100011  0
# 1000011100001010  1
# 0010001010000000  1
# 0010000100100000  0
# 0100010110101010  3
# 1100110010011101  1
# 0011111010010110  2
# 1011100000010011  1
# 0011100000001101  1
# 1101011001010011  2
# 1010101010101010  4
# End time: 19:51:19 on Sep 04,2025, Elapsed time: 0:01:03
# Errors: 0, Warnings: 0
