# End time: 21:09:50 on Sep 11,2025, Elapsed time: 0:00:00
# Errors: 0, Warnings: 0
# vsim work.tb_mux1 -l mux1.log 
# Start time: 21:08:33 on Sep 11,2025
# Loading work.tb_mux1
# Loading work.muxN
# 1 1  0  1
# 1 1  1  1
# 0 1  1  1
# 0 1  1  1
# 0 1  1  1
# 1 0  0  1
# 1 0  1  0
# 0 0  1  0
# 1 0  0  1
# 1 1  1  1
# 0 0  1  0
# 0 1  0  0
# 1 1  0  1
# 1 1  1  1
# 0 1  0  0
# 1 0  1  0
# 0 0  0  0
# 1 0  0  1
# 1 1  0  1
# 0 0  0  0
# 0 1  0  0
# 1 1  1  1
# 0 0  1  0
# 1 1  1  1
# 0 1  0  0
# 0 1  1  1
# 0 1  1  1
# 1 0  1  0
# 1 0  1  0
# 0 0  0  0
# 1 0  1  0
# 1 1  0  1
# 1 1  1  1
# 1 1  0  1
# 0 0  1  0
# 0 0  0  0
# 0 1  0  0
# 1 1  1  1
# 0 1  1  1
# 0 0  1  0
